[ 2017-04-05T11:06:47+08:00 ] 192.168.1.17 /admin.php
INFO: [ app_begin ] --START--
INFO: Run Behavior\ReadHtmlCacheBehavior [ RunTime:0.001000s ]
INFO: Run Common\Behavior\AppBeginBehavior [ RunTime:0.004000s ]
INFO: Run CustomData\Behavior\CustomDataApi [ RunTime:0.001000s ]
INFO: [ app_begin ] --END-- [ RunTime:0.008001s ]
NOTIC: [8] Undefined index: host D:\wamp\www\tianque\lvyecms\Common\Common\corefun.php 第 891 行.
NOTIC: [8] Undefined index: g D:\wamp\www\tianque\lvyecms\Common\Common\corefun.php 第 1031 行.
SQL: SHOW COLUMNS FROM `lvyecms_user` [ RunTime:0.0030s ]
SQL: SELECT * FROM `lvyecms_user` WHERE `id` = 1 LIMIT 1   [ RunTime:0.0000s ]

[ 2017-04-05T11:07:47+08:00 ] 192.168.1.17 /admin.php
INFO: [ app_begin ] --START--
INFO: Run Behavior\ReadHtmlCacheBehavior [ RunTime:0.001000s ]
INFO: Run Common\Behavior\AppBeginBehavior [ RunTime:0.004000s ]
INFO: Run CustomData\Behavior\CustomDataApi [ RunTime:0.002000s ]
INFO: [ app_begin ] --END-- [ RunTime:0.009001s ]
NOTIC: [8] Undefined index: host D:\wamp\www\tianque\lvyecms\Common\Common\corefun.php 第 891 行.
NOTIC: [8] Undefined index: g D:\wamp\www\tianque\lvyecms\Common\Common\corefun.php 第 1031 行.
SQL: SHOW COLUMNS FROM `lvyecms_user` [ RunTime:0.0020s ]
SQL: SELECT * FROM `lvyecms_user` WHERE `id` = 1 LIMIT 1   [ RunTime:0.0010s ]

[ 2017-04-05T11:08:47+08:00 ] 192.168.1.17 /admin.php
INFO: [ app_begin ] --START--
INFO: Run Behavior\ReadHtmlCacheBehavior [ RunTime:0.001000s ]
INFO: Run Common\Behavior\AppBeginBehavior [ RunTime:0.003000s ]
INFO: Run CustomData\Behavior\CustomDataApi [ RunTime:0.001001s ]
INFO: [ app_begin ] --END-- [ RunTime:0.007001s ]
NOTIC: [8] Undefined index: host D:\wamp\www\tianque\lvyecms\Common\Common\corefun.php 第 891 行.
NOTIC: [8] Undefined index: g D:\wamp\www\tianque\lvyecms\Common\Common\corefun.php 第 1031 行.
SQL: SHOW COLUMNS FROM `lvyecms_user` [ RunTime:0.0020s ]
SQL: SELECT * FROM `lvyecms_user` WHERE `id` = 1 LIMIT 1   [ RunTime:0.0000s ]

[ 2017-04-05T11:55:46+08:00 ] 192.168.1.17 /admin.php
INFO: [ app_begin ] --START--
INFO: Run Behavior\ReadHtmlCacheBehavior [ RunTime:0.001000s ]
INFO: Run Common\Behavior\AppBeginBehavior [ RunTime:0.004001s ]
INFO: Run CustomData\Behavior\CustomDataApi [ RunTime:0.001000s ]
INFO: [ app_begin ] --END-- [ RunTime:0.009001s ]
NOTIC: [8] Undefined index: host D:\wamp\www\tianque\lvyecms\Common\Common\corefun.php 第 891 行.
NOTIC: [8] Undefined index: g D:\wamp\www\tianque\lvyecms\Common\Common\corefun.php 第 1031 行.
SQL: SHOW COLUMNS FROM `lvyecms_user` [ RunTime:0.0030s ]
SQL: SELECT * FROM `lvyecms_user` WHERE `id` = 1 LIMIT 1   [ RunTime:0.0010s ]

[ 2017-04-05T11:56:55+08:00 ] ::1 /admin.php
INFO: [ app_begin ] --START--
INFO: Run Behavior\ReadHtmlCacheBehavior [ RunTime:0.001001s ]
INFO: Run Common\Behavior\AppBeginBehavior [ RunTime:0.004000s ]
INFO: Run CustomData\Behavior\CustomDataApi [ RunTime:0.002000s ]
INFO: [ app_begin ] --END-- [ RunTime:0.008001s ]
NOTIC: [8] Undefined index: host D:\wamp\www\tianque\lvyecms\Common\Common\corefun.php 第 891 行.
NOTIC: [8] Undefined index: g D:\wamp\www\tianque\lvyecms\Common\Common\corefun.php 第 1031 行.
SQL: SHOW COLUMNS FROM `lvyecms_user` [ RunTime:0.0030s ]
SQL: SELECT * FROM `lvyecms_user` WHERE `id` = 1 LIMIT 1   [ RunTime:0.0010s ]

[ 2017-04-05T11:56:58+08:00 ] 192.168.1.17 /admin.php
INFO: [ app_begin ] --START--
INFO: Run Behavior\ReadHtmlCacheBehavior [ RunTime:0.001000s ]
INFO: Run Common\Behavior\AppBeginBehavior [ RunTime:0.004000s ]
INFO: Run CustomData\Behavior\CustomDataApi [ RunTime:0.001000s ]
INFO: [ app_begin ] --END-- [ RunTime:0.008000s ]
NOTIC: [8] Undefined index: host D:\wamp\www\tianque\lvyecms\Common\Common\corefun.php 第 891 行.
NOTIC: [8] Undefined index: g D:\wamp\www\tianque\lvyecms\Common\Common\corefun.php 第 1031 行.
SQL: SHOW COLUMNS FROM `lvyecms_user` [ RunTime:0.0020s ]
SQL: SELECT * FROM `lvyecms_user` WHERE `id` = 1 LIMIT 1   [ RunTime:0.0000s ]

[ 2017-04-05T11:59:00+08:00 ] ::1 /admin.php
INFO: [ app_begin ] --START--
INFO: Run Behavior\ReadHtmlCacheBehavior [ RunTime:0.001000s ]
INFO: Run Common\Behavior\AppBeginBehavior [ RunTime:0.003000s ]
INFO: Run CustomData\Behavior\CustomDataApi [ RunTime:0.002001s ]
INFO: [ app_begin ] --END-- [ RunTime:0.007001s ]
NOTIC: [8] Undefined index: host D:\wamp\www\tianque\lvyecms\Common\Common\corefun.php 第 891 行.
NOTIC: [8] Undefined index: g D:\wamp\www\tianque\lvyecms\Common\Common\corefun.php 第 1031 行.
SQL: SHOW COLUMNS FROM `lvyecms_user` [ RunTime:0.0040s ]
SQL: SELECT * FROM `lvyecms_user` WHERE `id` = 1 LIMIT 1   [ RunTime:0.0000s ]

[ 2017-04-05T11:59:04+08:00 ] 192.168.1.17 /admin.php
INFO: [ app_begin ] --START--
INFO: Run Behavior\ReadHtmlCacheBehavior [ RunTime:0.001000s ]
INFO: Run Common\Behavior\AppBeginBehavior [ RunTime:0.005000s ]
INFO: Run CustomData\Behavior\CustomDataApi [ RunTime:0.001000s ]
INFO: [ app_begin ] --END-- [ RunTime:0.010001s ]
NOTIC: [8] Undefined index: host D:\wamp\www\tianque\lvyecms\Common\Common\corefun.php 第 891 行.
NOTIC: [8] Undefined index: g D:\wamp\www\tianque\lvyecms\Common\Common\corefun.php 第 1031 行.
SQL: SHOW COLUMNS FROM `lvyecms_user` [ RunTime:0.0030s ]
SQL: SELECT * FROM `lvyecms_user` WHERE `id` = 1 LIMIT 1   [ RunTime:0.0000s ]

[ 2017-04-05T11:59:04+08:00 ] ::1 /admin.php
INFO: [ app_begin ] --START--
INFO: Run Behavior\ReadHtmlCacheBehavior [ RunTime:0.002000s ]
INFO: Run Common\Behavior\AppBeginBehavior [ RunTime:0.005000s ]
INFO: Run CustomData\Behavior\CustomDataApi [ RunTime:0.001000s ]
INFO: [ app_begin ] --END-- [ RunTime:0.010000s ]
NOTIC: [8] Undefined index: host D:\wamp\www\tianque\lvyecms\Common\Common\corefun.php 第 891 行.
NOTIC: [8] Undefined index: g D:\wamp\www\tianque\lvyecms\Common\Common\corefun.php 第 1031 行.
SQL: SHOW COLUMNS FROM `lvyecms_user` [ RunTime:0.0030s ]
SQL: SELECT * FROM `lvyecms_user` WHERE `id` = 1 LIMIT 1   [ RunTime:0.0010s ]

[ 2017-04-05T11:59:04+08:00 ] 192.168.1.17 /admin.php
INFO: [ app_begin ] --START--
INFO: Run Behavior\ReadHtmlCacheBehavior [ RunTime:0.001000s ]
INFO: Run Common\Behavior\AppBeginBehavior [ RunTime:0.005000s ]
INFO: Run CustomData\Behavior\CustomDataApi [ RunTime:0.001001s ]
INFO: [ app_begin ] --END-- [ RunTime:0.011001s ]
NOTIC: [8] Undefined index: host D:\wamp\www\tianque\lvyecms\Common\Common\corefun.php 第 891 行.
NOTIC: [8] Undefined index: g D:\wamp\www\tianque\lvyecms\Common\Common\corefun.php 第 1031 行.
SQL: SHOW COLUMNS FROM `lvyecms_user` [ RunTime:0.0020s ]
SQL: SELECT * FROM `lvyecms_user` WHERE `id` = 1 LIMIT 1   [ RunTime:0.0000s ]

[ 2017-04-05T12:00:20+08:00 ] ::1 /admin.php
INFO: [ app_begin ] --START--
INFO: Run Behavior\ReadHtmlCacheBehavior [ RunTime:0.001000s ]
INFO: Run Common\Behavior\AppBeginBehavior [ RunTime:0.003000s ]
INFO: Run CustomData\Behavior\CustomDataApi [ RunTime:0.001000s ]
INFO: [ app_begin ] --END-- [ RunTime:0.008000s ]
NOTIC: [8] Undefined index: host D:\wamp\www\tianque\lvyecms\Common\Common\corefun.php 第 891 行.
NOTIC: [8] Undefined index: g D:\wamp\www\tianque\lvyecms\Common\Common\corefun.php 第 1031 行.
SQL: SHOW COLUMNS FROM `lvyecms_user` [ RunTime:0.0030s ]
SQL: SELECT * FROM `lvyecms_user` WHERE `id` = 1 LIMIT 1   [ RunTime:0.0000s ]

[ 2017-04-05T12:00:21+08:00 ] 192.168.1.17 /admin.php
INFO: [ app_begin ] --START--
INFO: Run Behavior\ReadHtmlCacheBehavior [ RunTime:0.001000s ]
INFO: Run Common\Behavior\AppBeginBehavior [ RunTime:0.004000s ]
INFO: Run CustomData\Behavior\CustomDataApi [ RunTime:0.001000s ]
INFO: [ app_begin ] --END-- [ RunTime:0.008000s ]
NOTIC: [8] Undefined index: host D:\wamp\www\tianque\lvyecms\Common\Common\corefun.php 第 891 行.
NOTIC: [8] Undefined index: g D:\wamp\www\tianque\lvyecms\Common\Common\corefun.php 第 1031 行.
SQL: SHOW COLUMNS FROM `lvyecms_user` [ RunTime:0.0030s ]
SQL: SELECT * FROM `lvyecms_user` WHERE `id` = 1 LIMIT 1   [ RunTime:0.0010s ]

[ 2017-04-05T12:00:21+08:00 ] ::1 /admin.php
INFO: [ app_begin ] --START--
INFO: Run Behavior\ReadHtmlCacheBehavior [ RunTime:0.001000s ]
INFO: Run Common\Behavior\AppBeginBehavior [ RunTime:0.004000s ]
INFO: Run CustomData\Behavior\CustomDataApi [ RunTime:0.002000s ]
INFO: [ app_begin ] --END-- [ RunTime:0.009000s ]
NOTIC: [8] Undefined index: host D:\wamp\www\tianque\lvyecms\Common\Common\corefun.php 第 891 行.
NOTIC: [8] Undefined index: g D:\wamp\www\tianque\lvyecms\Common\Common\corefun.php 第 1031 行.
SQL: SHOW COLUMNS FROM `lvyecms_user` [ RunTime:0.0030s ]
SQL: SELECT * FROM `lvyecms_user` WHERE `id` = 1 LIMIT 1   [ RunTime:0.0010s ]

[ 2017-04-05T12:00:46+08:00 ] 192.168.1.17 /admin.php
INFO: [ app_begin ] --START--
INFO: Run Behavior\ReadHtmlCacheBehavior [ RunTime:0.001000s ]
INFO: Run Common\Behavior\AppBeginBehavior [ RunTime:0.003000s ]
INFO: Run CustomData\Behavior\CustomDataApi [ RunTime:0.002000s ]
INFO: [ app_begin ] --END-- [ RunTime:0.007000s ]
NOTIC: [8] Undefined index: host D:\wamp\www\tianque\lvyecms\Common\Common\corefun.php 第 891 行.
NOTIC: [8] Undefined index: g D:\wamp\www\tianque\lvyecms\Common\Common\corefun.php 第 1031 行.
SQL: SHOW COLUMNS FROM `lvyecms_user` [ RunTime:0.0030s ]
SQL: SELECT * FROM `lvyecms_user` WHERE `id` = 1 LIMIT 1   [ RunTime:0.0000s ]

[ 2017-04-05T12:05:20+08:00 ] ::1 /admin.php
INFO: [ app_begin ] --START--
INFO: Run Behavior\ReadHtmlCacheBehavior [ RunTime:0.001000s ]
INFO: Run Common\Behavior\AppBeginBehavior [ RunTime:0.003000s ]
INFO: Run CustomData\Behavior\CustomDataApi [ RunTime:0.001000s ]
INFO: [ app_begin ] --END-- [ RunTime:0.007000s ]
NOTIC: [8] Undefined index: host D:\wamp\www\tianque\lvyecms\Common\Common\corefun.php 第 891 行.
NOTIC: [8] Undefined index: g D:\wamp\www\tianque\lvyecms\Common\Common\corefun.php 第 1031 行.
SQL: SHOW COLUMNS FROM `lvyecms_user` [ RunTime:0.0040s ]
SQL: SELECT * FROM `lvyecms_user` WHERE `id` = 1 LIMIT 1   [ RunTime:0.0000s ]

[ 2017-04-05T12:05:22+08:00 ] ::1 /admin.php
INFO: [ app_begin ] --START--
INFO: Run Behavior\ReadHtmlCacheBehavior [ RunTime:0.001000s ]
INFO: Run Common\Behavior\AppBeginBehavior [ RunTime:0.004000s ]
INFO: Run CustomData\Behavior\CustomDataApi [ RunTime:0.001000s ]
INFO: [ app_begin ] --END-- [ RunTime:0.008000s ]
NOTIC: [8] Undefined index: host D:\wamp\www\tianque\lvyecms\Common\Common\corefun.php 第 891 行.
NOTIC: [8] Undefined index: g D:\wamp\www\tianque\lvyecms\Common\Common\corefun.php 第 1031 行.
SQL: SHOW COLUMNS FROM `lvyecms_user` [ RunTime:0.0030s ]
SQL: SELECT * FROM `lvyecms_user` WHERE `id` = 1 LIMIT 1   [ RunTime:0.0000s ]

[ 2017-04-05T12:05:41+08:00 ] ::1 /admin.php?m=Config&a=attach
INFO: [ app_begin ] --START--
INFO: Run Behavior\ReadHtmlCacheBehavior [ RunTime:0.001000s ]
INFO: Run Common\Behavior\AppBeginBehavior [ RunTime:0.003001s ]
INFO: Run CustomData\Behavior\CustomDataApi [ RunTime:0.002000s ]
INFO: [ app_begin ] --END-- [ RunTime:0.006001s ]
NOTIC: [8] Undefined index: host D:\wamp\www\tianque\lvyecms\Common\Common\corefun.php 第 891 行.
NOTIC: [8] Undefined index: g D:\wamp\www\tianque\lvyecms\Common\Common\corefun.php 第 1031 行.
SQL: SHOW COLUMNS FROM `lvyecms_user` [ RunTime:0.0020s ]
SQL: SELECT * FROM `lvyecms_user` WHERE `id` = 1 LIMIT 1   [ RunTime:0.0010s ]
SQL: SHOW COLUMNS FROM `lvyecms_config` [ RunTime:0.0020s ]
SQL: SELECT `varname`,`value` FROM `lvyecms_config`  [ RunTime:0.0000s ]
SQL: UPDATE `lvyecms_config` SET `value`='Local' WHERE `varname` = 'attachment_driver' [ RunTime:0.0000s ]
NOTIC: [2] unlink(D:\wamp\www\tianque/#runtime/Temp/8WH_fa535ffb25e1fd20341652f9be21e06e.php): No such file or directory D:\wamp\www\tianque\lvyecms\Core\Library\Think\Cache\Driver\File.class.php 第 157 行.
SQL: UPDATE `lvyecms_config` SET `value`='20240' WHERE `varname` = 'uploadmaxsize' [ RunTime:0.0000s ]
NOTIC: [2] unlink(D:\wamp\www\tianque/#runtime/Temp/8WH_fa535ffb25e1fd20341652f9be21e06e.php): No such file or directory D:\wamp\www\tianque\lvyecms\Core\Library\Think\Cache\Driver\File.class.php 第 157 行.
SQL: UPDATE `lvyecms_config` SET `value`='jpg|jpeg|gif|bmp|png|doc|docx|xls|xlsx|ppt|pptx|pdf|txt|rar|zip|swf|ico' WHERE `varname` = 'uploadallowext' [ RunTime:0.0010s ]
NOTIC: [2] unlink(D:\wamp\www\tianque/#runtime/Temp/8WH_fa535ffb25e1fd20341652f9be21e06e.php): No such file or directory D:\wamp\www\tianque\lvyecms\Core\Library\Think\Cache\Driver\File.class.php 第 157 行.
SQL: UPDATE `lvyecms_config` SET `value`='200' WHERE `varname` = 'qtuploadmaxsize' [ RunTime:0.0010s ]
NOTIC: [2] unlink(D:\wamp\www\tianque/#runtime/Temp/8WH_fa535ffb25e1fd20341652f9be21e06e.php): No such file or directory D:\wamp\www\tianque\lvyecms\Core\Library\Think\Cache\Driver\File.class.php 第 157 行.
SQL: UPDATE `lvyecms_config` SET `value`='jpg|jpeg|gif' WHERE `varname` = 'qtuploadallowext' [ RunTime:0.0010s ]
NOTIC: [2] unlink(D:\wamp\www\tianque/#runtime/Temp/8WH_fa535ffb25e1fd20341652f9be21e06e.php): No such file or directory D:\wamp\www\tianque\lvyecms\Core\Library\Think\Cache\Driver\File.class.php 第 157 行.
SQL: UPDATE `lvyecms_config` SET `value`='' WHERE `varname` = 'fileexclude' [ RunTime:0.0000s ]
NOTIC: [2] unlink(D:\wamp\www\tianque/#runtime/Temp/8WH_fa535ffb25e1fd20341652f9be21e06e.php): No such file or directory D:\wamp\www\tianque\lvyecms\Core\Library\Think\Cache\Driver\File.class.php 第 157 行.
SQL: UPDATE `lvyecms_config` SET `value`='' WHERE `varname` = 'ftphost' [ RunTime:0.0010s ]
NOTIC: [2] unlink(D:\wamp\www\tianque/#runtime/Temp/8WH_fa535ffb25e1fd20341652f9be21e06e.php): No such file or directory D:\wamp\www\tianque\lvyecms\Core\Library\Think\Cache\Driver\File.class.php 第 157 行.
SQL: UPDATE `lvyecms_config` SET `value`='21' WHERE `varname` = 'ftpport' [ RunTime:0.0000s ]
NOTIC: [2] unlink(D:\wamp\www\tianque/#runtime/Temp/8WH_fa535ffb25e1fd20341652f9be21e06e.php): No such file or directory D:\wamp\www\tianque\lvyecms\Core\Library\Think\Cache\Driver\File.class.php 第 157 行.
SQL: UPDATE `lvyecms_config` SET `value`='/' WHERE `varname` = 'ftpuppat' [ RunTime:0.0000s ]
NOTIC: [2] unlink(D:\wamp\www\tianque/#runtime/Temp/8WH_fa535ffb25e1fd20341652f9be21e06e.php): No such file or directory D:\wamp\www\tianque\lvyecms\Core\Library\Think\Cache\Driver\File.class.php 第 157 行.
SQL: UPDATE `lvyecms_config` SET `value`='' WHERE `varname` = 'ftpuser' [ RunTime:0.0010s ]
NOTIC: [2] unlink(D:\wamp\www\tianque/#runtime/Temp/8WH_fa535ffb25e1fd20341652f9be21e06e.php): No such file or directory D:\wamp\www\tianque\lvyecms\Core\Library\Think\Cache\Driver\File.class.php 第 157 行.
SQL: UPDATE `lvyecms_config` SET `value`='' WHERE `varname` = 'ftppassword' [ RunTime:0.0000s ]
NOTIC: [2] unlink(D:\wamp\www\tianque/#runtime/Temp/8WH_fa535ffb25e1fd20341652f9be21e06e.php): No such file or directory D:\wamp\www\tianque\lvyecms\Core\Library\Think\Cache\Driver\File.class.php 第 157 行.
SQL: UPDATE `lvyecms_config` SET `value`='1' WHERE `varname` = 'ftppasv' [ RunTime:0.0000s ]
NOTIC: [2] unlink(D:\wamp\www\tianque/#runtime/Temp/8WH_fa535ffb25e1fd20341652f9be21e06e.php): No such file or directory D:\wamp\www\tianque\lvyecms\Core\Library\Think\Cache\Driver\File.class.php 第 157 行.
SQL: UPDATE `lvyecms_config` SET `value`='0' WHERE `varname` = 'ftpssl' [ RunTime:0.0000s ]
NOTIC: [2] unlink(D:\wamp\www\tianque/#runtime/Temp/8WH_fa535ffb25e1fd20341652f9be21e06e.php): No such file or directory D:\wamp\www\tianque\lvyecms\Core\Library\Think\Cache\Driver\File.class.php 第 157 行.
SQL: UPDATE `lvyecms_config` SET `value`='10' WHERE `varname` = 'ftptimeout' [ RunTime:0.0000s ]
NOTIC: [2] unlink(D:\wamp\www\tianque/#runtime/Temp/8WH_fa535ffb25e1fd20341652f9be21e06e.php): No such file or directory D:\wamp\www\tianque\lvyecms\Core\Library\Think\Cache\Driver\File.class.php 第 157 行.
SQL: UPDATE `lvyecms_config` SET `value`='1' WHERE `varname` = 'watermarkenable' [ RunTime:0.0010s ]
NOTIC: [2] unlink(D:\wamp\www\tianque/#runtime/Temp/8WH_fa535ffb25e1fd20341652f9be21e06e.php): No such file or directory D:\wamp\www\tianque\lvyecms\Core\Library\Think\Cache\Driver\File.class.php 第 157 行.
SQL: UPDATE `lvyecms_config` SET `value`='300' WHERE `varname` = 'watermarkminwidth' [ RunTime:0.0000s ]
NOTIC: [2] unlink(D:\wamp\www\tianque/#runtime/Temp/8WH_fa535ffb25e1fd20341652f9be21e06e.php): No such file or directory D:\wamp\www\tianque\lvyecms\Core\Library\Think\Cache\Driver\File.class.php 第 157 行.
SQL: UPDATE `lvyecms_config` SET `value`='100' WHERE `varname` = 'watermarkminheight' [ RunTime:0.0000s ]
NOTIC: [2] unlink(D:\wamp\www\tianque/#runtime/Temp/8WH_fa535ffb25e1fd20341652f9be21e06e.php): No such file or directory D:\wamp\www\tianque\lvyecms\Core\Library\Think\Cache\Driver\File.class.php 第 157 行.
SQL: UPDATE `lvyecms_config` SET `value`='/statics/images/mark_bai.png' WHERE `varname` = 'watermarkimg' [ RunTime:0.0010s ]
NOTIC: [2] unlink(D:\wamp\www\tianque/#runtime/Temp/8WH_fa535ffb25e1fd20341652f9be21e06e.php): No such file or directory D:\wamp\www\tianque\lvyecms\Core\Library\Think\Cache\Driver\File.class.php 第 157 行.
SQL: UPDATE `lvyecms_config` SET `value`='80' WHERE `varname` = 'watermarkpct' [ RunTime:0.0010s ]
NOTIC: [2] unlink(D:\wamp\www\tianque/#runtime/Temp/8WH_fa535ffb25e1fd20341652f9be21e06e.php): No such file or directory D:\wamp\www\tianque\lvyecms\Core\Library\Think\Cache\Driver\File.class.php 第 157 行.
SQL: UPDATE `lvyecms_config` SET `value`='85' WHERE `varname` = 'watermarkquality' [ RunTime:0.0010s ]
NOTIC: [2] unlink(D:\wamp\www\tianque/#runtime/Temp/8WH_fa535ffb25e1fd20341652f9be21e06e.php): No such file or directory D:\wamp\www\tianque\lvyecms\Core\Library\Think\Cache\Driver\File.class.php 第 157 行.
SQL: UPDATE `lvyecms_config` SET `value`='7' WHERE `varname` = 'watermarkpos' [ RunTime:0.0010s ]
SQL: SHOW COLUMNS FROM `lvyecms_operationlog` [ RunTime:0.0020s ]
SQL: INSERT INTO `lvyecms_operationlog` (`uid`,`status`,`info`,`get`,`time`,`ip`) VALUES ('1','1','提示语：更新成功！<br/>模块：Admin,控制器：Config,方法：attach<br/>请求方式：Ajax','http://localhost/admin.php?m=Config&a=attach&menuid=8','1491365141','0.0.0.0') [ RunTime:0.0000s ]

[ 2017-04-05T12:05:47+08:00 ] 192.168.1.17 /admin.php
INFO: [ app_begin ] --START--
INFO: Run Behavior\ReadHtmlCacheBehavior [ RunTime:0.001000s ]
INFO: Run Common\Behavior\AppBeginBehavior [ RunTime:0.003001s ]
INFO: Run CustomData\Behavior\CustomDataApi [ RunTime:0.001000s ]
INFO: [ app_begin ] --END-- [ RunTime:0.008001s ]
NOTIC: [8] Undefined index: host D:\wamp\www\tianque\lvyecms\Common\Common\corefun.php 第 891 行.
NOTIC: [8] Undefined index: g D:\wamp\www\tianque\lvyecms\Common\Common\corefun.php 第 1031 行.
SQL: SHOW COLUMNS FROM `lvyecms_user` [ RunTime:0.0020s ]
SQL: SELECT * FROM `lvyecms_user` WHERE `id` = 1 LIMIT 1   [ RunTime:0.0000s ]

[ 2017-04-05T12:06:22+08:00 ] ::1 /admin.php
INFO: [ app_begin ] --START--
INFO: Run Behavior\ReadHtmlCacheBehavior [ RunTime:0.001000s ]
INFO: Run Common\Behavior\AppBeginBehavior [ RunTime:0.003000s ]
INFO: Run CustomData\Behavior\CustomDataApi [ RunTime:0.001000s ]
INFO: [ app_begin ] --END-- [ RunTime:0.006001s ]
NOTIC: [8] Undefined index: host D:\wamp\www\tianque\lvyecms\Common\Common\corefun.php 第 891 行.
NOTIC: [8] Undefined index: g D:\wamp\www\tianque\lvyecms\Common\Common\corefun.php 第 1031 行.
SQL: SHOW COLUMNS FROM `lvyecms_user` [ RunTime:0.0020s ]
SQL: SELECT * FROM `lvyecms_user` WHERE `id` = 1 LIMIT 1   [ RunTime:0.0000s ]

[ 2017-04-05T12:06:47+08:00 ] 192.168.1.17 /admin.php
INFO: [ app_begin ] --START--
INFO: Run Behavior\ReadHtmlCacheBehavior [ RunTime:0.001000s ]
INFO: Run Common\Behavior\AppBeginBehavior [ RunTime:0.004000s ]
INFO: Run CustomData\Behavior\CustomDataApi [ RunTime:0.001000s ]
INFO: [ app_begin ] --END-- [ RunTime:0.008001s ]
NOTIC: [8] Undefined index: host D:\wamp\www\tianque\lvyecms\Common\Common\corefun.php 第 891 行.
NOTIC: [8] Undefined index: g D:\wamp\www\tianque\lvyecms\Common\Common\corefun.php 第 1031 行.
SQL: SHOW COLUMNS FROM `lvyecms_user` [ RunTime:0.0020s ]
SQL: SELECT * FROM `lvyecms_user` WHERE `id` = 1 LIMIT 1   [ RunTime:0.0010s ]

[ 2017-04-05T12:07:21+08:00 ] ::1 /admin.php
INFO: [ app_begin ] --START--
INFO: Run Behavior\ReadHtmlCacheBehavior [ RunTime:0.001000s ]
INFO: Run Common\Behavior\AppBeginBehavior [ RunTime:0.004000s ]
INFO: Run CustomData\Behavior\CustomDataApi [ RunTime:0.001000s ]
INFO: [ app_begin ] --END-- [ RunTime:0.009000s ]
NOTIC: [8] Undefined index: host D:\wamp\www\tianque\lvyecms\Common\Common\corefun.php 第 891 行.
NOTIC: [8] Undefined index: g D:\wamp\www\tianque\lvyecms\Common\Common\corefun.php 第 1031 行.
SQL: SHOW COLUMNS FROM `lvyecms_user` [ RunTime:0.0030s ]
SQL: SELECT * FROM `lvyecms_user` WHERE `id` = 1 LIMIT 1   [ RunTime:0.0000s ]

[ 2017-04-05T12:07:47+08:00 ] 192.168.1.17 /admin.php
INFO: [ app_begin ] --START--
INFO: Run Behavior\ReadHtmlCacheBehavior [ RunTime:0.001000s ]
INFO: Run Common\Behavior\AppBeginBehavior [ RunTime:0.003000s ]
INFO: Run CustomData\Behavior\CustomDataApi [ RunTime:0.001000s ]
INFO: [ app_begin ] --END-- [ RunTime:0.006000s ]
NOTIC: [8] Undefined index: host D:\wamp\www\tianque\lvyecms\Common\Common\corefun.php 第 891 行.
NOTIC: [8] Undefined index: g D:\wamp\www\tianque\lvyecms\Common\Common\corefun.php 第 1031 行.
SQL: SHOW COLUMNS FROM `lvyecms_user` [ RunTime:0.0020s ]
SQL: SELECT * FROM `lvyecms_user` WHERE `id` = 1 LIMIT 1   [ RunTime:0.0000s ]

