[ 2017-03-30T11:25:34+08:00 ] 127.0.0.1 /admin.php
INFO: [ app_begin ] --START--
INFO: Run Behavior\ReadHtmlCacheBehavior [ RunTime:0.000000s ]
INFO: Run Common\Behavior\AppBeginBehavior [ RunTime:0.000000s ]
INFO: Run CustomData\Behavior\CustomDataApi [ RunTime:0.000000s ]
INFO: [ app_begin ] --END-- [ RunTime:0.000000s ]
NOTIC: [8] Undefined index: host D:\wamp\www\tianque\lvyecms\Common\Common\corefun.php 第 891 行.
NOTIC: [8] Undefined index: g D:\wamp\www\tianque\lvyecms\Common\Common\corefun.php 第 1031 行.
SQL: SHOW COLUMNS FROM `lvyecms_user` [ RunTime:0.0000s ]
SQL: SELECT * FROM `lvyecms_user` WHERE `id` = 1 LIMIT 1   [ RunTime:0.0000s ]

[ 2017-03-30T11:28:54+08:00 ] 127.0.0.1 /admin.php
INFO: [ app_begin ] --START--
INFO: Run Behavior\ReadHtmlCacheBehavior [ RunTime:0.001000s ]
INFO: Run Common\Behavior\AppBeginBehavior [ RunTime:0.004000s ]
INFO: Run CustomData\Behavior\CustomDataApi [ RunTime:0.001000s ]
INFO: [ app_begin ] --END-- [ RunTime:0.008001s ]
NOTIC: [8] Undefined index: host D:\wamp\www\tianque\lvyecms\Common\Common\corefun.php 第 891 行.
NOTIC: [8] Undefined index: g D:\wamp\www\tianque\lvyecms\Common\Common\corefun.php 第 1031 行.
SQL: SHOW COLUMNS FROM `lvyecms_user` [ RunTime:0.0030s ]
SQL: SELECT * FROM `lvyecms_user` WHERE `id` = 1 LIMIT 1   [ RunTime:0.0000s ]

[ 2017-03-30T11:30:36+08:00 ] 127.0.0.1 /admin.php
INFO: [ app_begin ] --START--
INFO: Run Behavior\ReadHtmlCacheBehavior [ RunTime:0.002000s ]
INFO: Run Common\Behavior\AppBeginBehavior [ RunTime:0.005000s ]
INFO: Run CustomData\Behavior\CustomDataApi [ RunTime:0.002001s ]
INFO: [ app_begin ] --END-- [ RunTime:0.013001s ]
NOTIC: [8] Undefined index: host D:\wamp\www\tianque\lvyecms\Common\Common\corefun.php 第 891 行.
NOTIC: [8] Undefined index: g D:\wamp\www\tianque\lvyecms\Common\Common\corefun.php 第 1031 行.
SQL: SHOW COLUMNS FROM `lvyecms_user` [ RunTime:0.0000s ]
SQL: SELECT * FROM `lvyecms_user` WHERE `id` = 1 LIMIT 1   [ RunTime:0.0000s ]

[ 2017-03-30T11:31:28+08:00 ] 127.0.0.1 /index.php?g=Admin
INFO: [ app_begin ] --START--
INFO: Run Behavior\ReadHtmlCacheBehavior [ RunTime:0.001000s ]
INFO: Run Common\Behavior\AppBeginBehavior [ RunTime:0.003000s ]
INFO: Run CustomData\Behavior\CustomDataApi [ RunTime:0.001000s ]
INFO: [ app_begin ] --END-- [ RunTime:0.007000s ]
NOTIC: [8] Undefined index: host D:\wamp\www\tianque\lvyecms\Common\Common\corefun.php 第 891 行.
NOTIC: [8] Undefined index: g D:\wamp\www\tianque\lvyecms\Common\Common\corefun.php 第 1031 行.
SQL: SHOW COLUMNS FROM `lvyecms_user` [ RunTime:0.0020s ]
SQL: SELECT * FROM `lvyecms_user` WHERE `id` = 1 LIMIT 1   [ RunTime:0.0010s ]

[ 2017-03-30T11:31:31+08:00 ] 127.0.0.1 /admin.php
INFO: [ app_begin ] --START--
INFO: Run Behavior\ReadHtmlCacheBehavior [ RunTime:0.000000s ]
INFO: Run Common\Behavior\AppBeginBehavior [ RunTime:0.015600s ]
INFO: Run CustomData\Behavior\CustomDataApi [ RunTime:0.000000s ]
INFO: [ app_begin ] --END-- [ RunTime:0.015600s ]
NOTIC: [8] Undefined index: host D:\wamp\www\tianque\lvyecms\Common\Common\corefun.php 第 891 行.
NOTIC: [8] Undefined index: g D:\wamp\www\tianque\lvyecms\Common\Common\corefun.php 第 1031 行.
SQL: SHOW COLUMNS FROM `lvyecms_user` [ RunTime:0.0010s ]
SQL: SELECT * FROM `lvyecms_user` WHERE `id` = 1 LIMIT 1   [ RunTime:0.0000s ]

[ 2017-03-30T11:32:29+08:00 ] 127.0.0.1 /index.php?g=Admin
INFO: [ app_begin ] --START--
INFO: Run Behavior\ReadHtmlCacheBehavior [ RunTime:0.000000s ]
INFO: Run Common\Behavior\AppBeginBehavior [ RunTime:0.000000s ]
INFO: Run CustomData\Behavior\CustomDataApi [ RunTime:0.000000s ]
INFO: [ app_begin ] --END-- [ RunTime:0.000000s ]
NOTIC: [8] Undefined index: host D:\wamp\www\tianque\lvyecms\Common\Common\corefun.php 第 891 行.
NOTIC: [8] Undefined index: g D:\wamp\www\tianque\lvyecms\Common\Common\corefun.php 第 1031 行.
SQL: SHOW COLUMNS FROM `lvyecms_user` [ RunTime:0.0000s ]
SQL: SELECT * FROM `lvyecms_user` WHERE `id` = 1 LIMIT 1   [ RunTime:0.0000s ]

[ 2017-03-30T11:32:31+08:00 ] 127.0.0.1 /admin.php
INFO: [ app_begin ] --START--
INFO: Run Behavior\ReadHtmlCacheBehavior [ RunTime:0.000000s ]
INFO: Run Common\Behavior\AppBeginBehavior [ RunTime:0.000000s ]
INFO: Run CustomData\Behavior\CustomDataApi [ RunTime:0.000000s ]
INFO: [ app_begin ] --END-- [ RunTime:0.015600s ]
NOTIC: [8] Undefined index: host D:\wamp\www\tianque\lvyecms\Common\Common\corefun.php 第 891 行.
NOTIC: [8] Undefined index: g D:\wamp\www\tianque\lvyecms\Common\Common\corefun.php 第 1031 行.
SQL: SHOW COLUMNS FROM `lvyecms_user` [ RunTime:0.0000s ]
SQL: SELECT * FROM `lvyecms_user` WHERE `id` = 1 LIMIT 1   [ RunTime:0.0000s ]

[ 2017-03-30T11:33:30+08:00 ] 127.0.0.1 /admin.php
INFO: [ app_begin ] --START--
INFO: Run Behavior\ReadHtmlCacheBehavior [ RunTime:0.000000s ]
INFO: Run Common\Behavior\AppBeginBehavior [ RunTime:0.000000s ]
INFO: Run CustomData\Behavior\CustomDataApi [ RunTime:0.000000s ]
INFO: [ app_begin ] --END-- [ RunTime:0.000000s ]
NOTIC: [8] Undefined index: host D:\wamp\www\tianque\lvyecms\Common\Common\corefun.php 第 891 行.
NOTIC: [8] Undefined index: g D:\wamp\www\tianque\lvyecms\Common\Common\corefun.php 第 1031 行.
SQL: SHOW COLUMNS FROM `lvyecms_user` [ RunTime:0.0000s ]
SQL: SELECT * FROM `lvyecms_user` WHERE `id` = 1 LIMIT 1   [ RunTime:0.0000s ]

[ 2017-03-30T11:34:30+08:00 ] 127.0.0.1 /admin.php
INFO: [ app_begin ] --START--
INFO: Run Behavior\ReadHtmlCacheBehavior [ RunTime:0.001000s ]
INFO: Run Common\Behavior\AppBeginBehavior [ RunTime:0.003001s ]
INFO: Run CustomData\Behavior\CustomDataApi [ RunTime:0.001000s ]
INFO: [ app_begin ] --END-- [ RunTime:0.006001s ]
NOTIC: [8] Undefined index: host D:\wamp\www\tianque\lvyecms\Common\Common\corefun.php 第 891 行.
NOTIC: [8] Undefined index: g D:\wamp\www\tianque\lvyecms\Common\Common\corefun.php 第 1031 行.
SQL: SHOW COLUMNS FROM `lvyecms_user` [ RunTime:0.0020s ]
SQL: SELECT * FROM `lvyecms_user` WHERE `id` = 1 LIMIT 1   [ RunTime:0.0010s ]

[ 2017-03-30T11:36:53+08:00 ] 127.0.0.1 /admin.php
INFO: [ app_begin ] --START--
INFO: Run Behavior\ReadHtmlCacheBehavior [ RunTime:0.000000s ]
INFO: Run Common\Behavior\AppBeginBehavior [ RunTime:0.000000s ]
INFO: Run CustomData\Behavior\CustomDataApi [ RunTime:0.000000s ]
INFO: [ app_begin ] --END-- [ RunTime:0.000000s ]
NOTIC: [8] Undefined index: host D:\wamp\www\tianque\lvyecms\Common\Common\corefun.php 第 891 行.
NOTIC: [8] Undefined index: g D:\wamp\www\tianque\lvyecms\Common\Common\corefun.php 第 1031 行.
SQL: SHOW COLUMNS FROM `lvyecms_user` [ RunTime:0.0000s ]
SQL: SELECT * FROM `lvyecms_user` WHERE `id` = 1 LIMIT 1   [ RunTime:0.0000s ]

[ 2017-03-30T11:39:23+08:00 ] 127.0.0.1 /admin.php
INFO: [ app_begin ] --START--
INFO: Run Behavior\ReadHtmlCacheBehavior [ RunTime:0.002000s ]
INFO: Run Common\Behavior\AppBeginBehavior [ RunTime:0.004000s ]
INFO: Run CustomData\Behavior\CustomDataApi [ RunTime:0.001000s ]
INFO: [ app_begin ] --END-- [ RunTime:0.008000s ]
NOTIC: [8] Undefined index: host D:\wamp\www\tianque\lvyecms\Common\Common\corefun.php 第 891 行.
NOTIC: [8] Undefined index: g D:\wamp\www\tianque\lvyecms\Common\Common\corefun.php 第 1031 行.
SQL: SHOW COLUMNS FROM `lvyecms_user` [ RunTime:0.0020s ]
SQL: SELECT * FROM `lvyecms_user` WHERE `id` = 1 LIMIT 1   [ RunTime:0.0010s ]

[ 2017-03-30T11:39:53+08:00 ] 127.0.0.1 /admin.php
INFO: [ app_begin ] --START--
INFO: Run Behavior\ReadHtmlCacheBehavior [ RunTime:0.000000s ]
INFO: Run Common\Behavior\AppBeginBehavior [ RunTime:0.000000s ]
INFO: Run CustomData\Behavior\CustomDataApi [ RunTime:0.000000s ]
INFO: [ app_begin ] --END-- [ RunTime:0.000000s ]
NOTIC: [8] Undefined index: host D:\wamp\www\tianque\lvyecms\Common\Common\corefun.php 第 891 行.
NOTIC: [8] Undefined index: g D:\wamp\www\tianque\lvyecms\Common\Common\corefun.php 第 1031 行.
SQL: SHOW COLUMNS FROM `lvyecms_user` [ RunTime:0.0000s ]
SQL: SELECT * FROM `lvyecms_user` WHERE `id` = 1 LIMIT 1   [ RunTime:0.0000s ]

[ 2017-03-30T11:39:53+08:00 ] 127.0.0.1 /admin.php
INFO: [ app_begin ] --START--
INFO: Run Behavior\ReadHtmlCacheBehavior [ RunTime:0.000000s ]
INFO: Run Common\Behavior\AppBeginBehavior [ RunTime:0.000000s ]
INFO: Run CustomData\Behavior\CustomDataApi [ RunTime:0.000000s ]
INFO: [ app_begin ] --END-- [ RunTime:0.000000s ]
NOTIC: [8] Undefined index: host D:\wamp\www\tianque\lvyecms\Common\Common\corefun.php 第 891 行.
NOTIC: [8] Undefined index: g D:\wamp\www\tianque\lvyecms\Common\Common\corefun.php 第 1031 行.
SQL: SHOW COLUMNS FROM `lvyecms_user` [ RunTime:0.0000s ]
SQL: SELECT * FROM `lvyecms_user` WHERE `id` = 1 LIMIT 1   [ RunTime:0.0000s ]

[ 2017-03-30T11:40:53+08:00 ] 127.0.0.1 /admin.php
INFO: [ app_begin ] --START--
INFO: Run Behavior\ReadHtmlCacheBehavior [ RunTime:0.001000s ]
INFO: Run Common\Behavior\AppBeginBehavior [ RunTime:0.003000s ]
INFO: Run CustomData\Behavior\CustomDataApi [ RunTime:0.001000s ]
INFO: [ app_begin ] --END-- [ RunTime:0.007000s ]
NOTIC: [8] Undefined index: host D:\wamp\www\tianque\lvyecms\Common\Common\corefun.php 第 891 行.
NOTIC: [8] Undefined index: g D:\wamp\www\tianque\lvyecms\Common\Common\corefun.php 第 1031 行.
SQL: SHOW COLUMNS FROM `lvyecms_user` [ RunTime:0.0030s ]
SQL: SELECT * FROM `lvyecms_user` WHERE `id` = 1 LIMIT 1   [ RunTime:0.0000s ]

[ 2017-03-30T11:41:52+08:00 ] 127.0.0.1 /admin.php
INFO: [ app_begin ] --START--
INFO: Run Behavior\ReadHtmlCacheBehavior [ RunTime:0.000000s ]
INFO: Run Common\Behavior\AppBeginBehavior [ RunTime:0.000000s ]
INFO: Run CustomData\Behavior\CustomDataApi [ RunTime:0.000000s ]
INFO: [ app_begin ] --END-- [ RunTime:0.000000s ]
NOTIC: [8] Undefined index: host D:\wamp\www\tianque\lvyecms\Common\Common\corefun.php 第 891 行.
NOTIC: [8] Undefined index: g D:\wamp\www\tianque\lvyecms\Common\Common\corefun.php 第 1031 行.
SQL: SHOW COLUMNS FROM `lvyecms_user` [ RunTime:0.0000s ]
SQL: SELECT * FROM `lvyecms_user` WHERE `id` = 1 LIMIT 1   [ RunTime:0.0000s ]

[ 2017-03-30T11:42:52+08:00 ] 127.0.0.1 /admin.php
INFO: [ app_begin ] --START--
INFO: Run Behavior\ReadHtmlCacheBehavior [ RunTime:0.000000s ]
INFO: Run Common\Behavior\AppBeginBehavior [ RunTime:0.015600s ]
INFO: Run CustomData\Behavior\CustomDataApi [ RunTime:0.000000s ]
INFO: [ app_begin ] --END-- [ RunTime:0.015600s ]
NOTIC: [8] Undefined index: host D:\wamp\www\tianque\lvyecms\Common\Common\corefun.php 第 891 行.
NOTIC: [8] Undefined index: g D:\wamp\www\tianque\lvyecms\Common\Common\corefun.php 第 1031 行.
SQL: SHOW COLUMNS FROM `lvyecms_user` [ RunTime:0.0000s ]
SQL: SELECT * FROM `lvyecms_user` WHERE `id` = 1 LIMIT 1   [ RunTime:0.0000s ]

[ 2017-03-30T11:43:52+08:00 ] 127.0.0.1 /admin.php
INFO: [ app_begin ] --START--
INFO: Run Behavior\ReadHtmlCacheBehavior [ RunTime:0.001001s ]
INFO: Run Common\Behavior\AppBeginBehavior [ RunTime:0.003000s ]
INFO: Run CustomData\Behavior\CustomDataApi [ RunTime:0.001000s ]
INFO: [ app_begin ] --END-- [ RunTime:0.007001s ]
NOTIC: [8] Undefined index: host D:\wamp\www\tianque\lvyecms\Common\Common\corefun.php 第 891 行.
NOTIC: [8] Undefined index: g D:\wamp\www\tianque\lvyecms\Common\Common\corefun.php 第 1031 行.
SQL: SHOW COLUMNS FROM `lvyecms_user` [ RunTime:0.0030s ]
SQL: SELECT * FROM `lvyecms_user` WHERE `id` = 1 LIMIT 1   [ RunTime:0.0000s ]

[ 2017-03-30T11:44:52+08:00 ] 127.0.0.1 /admin.php
INFO: [ app_begin ] --START--
INFO: Run Behavior\ReadHtmlCacheBehavior [ RunTime:0.001000s ]
INFO: Run Common\Behavior\AppBeginBehavior [ RunTime:0.003000s ]
INFO: Run CustomData\Behavior\CustomDataApi [ RunTime:0.001000s ]
INFO: [ app_begin ] --END-- [ RunTime:0.007000s ]
NOTIC: [8] Undefined index: host D:\wamp\www\tianque\lvyecms\Common\Common\corefun.php 第 891 行.
NOTIC: [8] Undefined index: g D:\wamp\www\tianque\lvyecms\Common\Common\corefun.php 第 1031 行.
SQL: SHOW COLUMNS FROM `lvyecms_user` [ RunTime:0.0030s ]
SQL: SELECT * FROM `lvyecms_user` WHERE `id` = 1 LIMIT 1   [ RunTime:0.0010s ]

[ 2017-03-30T11:45:52+08:00 ] 127.0.0.1 /admin.php
INFO: [ app_begin ] --START--
INFO: Run Behavior\ReadHtmlCacheBehavior [ RunTime:0.001000s ]
INFO: Run Common\Behavior\AppBeginBehavior [ RunTime:0.003000s ]
INFO: Run CustomData\Behavior\CustomDataApi [ RunTime:0.001001s ]
INFO: [ app_begin ] --END-- [ RunTime:0.007001s ]
NOTIC: [8] Undefined index: host D:\wamp\www\tianque\lvyecms\Common\Common\corefun.php 第 891 行.
NOTIC: [8] Undefined index: g D:\wamp\www\tianque\lvyecms\Common\Common\corefun.php 第 1031 行.
SQL: SHOW COLUMNS FROM `lvyecms_user` [ RunTime:0.0030s ]
SQL: SELECT * FROM `lvyecms_user` WHERE `id` = 1 LIMIT 1   [ RunTime:0.0010s ]

[ 2017-03-30T11:46:52+08:00 ] 127.0.0.1 /admin.php
INFO: [ app_begin ] --START--
INFO: Run Behavior\ReadHtmlCacheBehavior [ RunTime:0.001000s ]
INFO: Run Common\Behavior\AppBeginBehavior [ RunTime:0.001001s ]
INFO: Run CustomData\Behavior\CustomDataApi [ RunTime:0.000000s ]
INFO: [ app_begin ] --END-- [ RunTime:0.002001s ]
NOTIC: [8] Undefined index: host D:\wamp\www\tianque\lvyecms\Common\Common\corefun.php 第 891 行.
NOTIC: [8] Undefined index: g D:\wamp\www\tianque\lvyecms\Common\Common\corefun.php 第 1031 行.
SQL: SHOW COLUMNS FROM `lvyecms_user` [ RunTime:0.0000s ]
SQL: SELECT * FROM `lvyecms_user` WHERE `id` = 1 LIMIT 1   [ RunTime:0.0000s ]

