[ 2017-03-30T11:00:29+08:00 ] 127.0.0.1 /?m=admin
ERR: 无法加载控制器:Admin

[ 2017-03-30T11:01:45+08:00 ] 127.0.0.1 /?m=Admin
ERR: 无法加载控制器:Admin

[ 2017-03-30T11:03:15+08:00 ] 127.0.0.1 /?m=Admin&m=Public&a=login
ERR: 无法加载控制器:Public

[ 2017-03-30T11:03:20+08:00 ] 127.0.0.1 /?m=Public&a=login
ERR: 无法加载控制器:Public

[ 2017-03-30T11:25:09+08:00 ] 127.0.0.1 /
DEBUG: Content标签->lists：参数：catid= ,modelid= ,order=id DESC
SQL:SELECT * FROM `lvyecms_chanpinlist` WHERE `catid` = 3 AND `status` = 99 ORDER BY id DESC LIMIT 10  
DEBUG: Content标签->lists：参数：catid= ,modelid= ,order=listorder DESC
SQL:SELECT * FROM `lvyecms_index_banner` WHERE `catid` = 1 AND `status` = 99 ORDER BY listorder DESC LIMIT 10  
DEBUG: Content标签->lists：参数：catid= ,modelid= ,order=id DESC
SQL:SELECT * FROM `lvyecms_jiejuefangan` WHERE `catid` = 6 AND `status` = 99 ORDER BY id DESC LIMIT 10  
DEBUG: Content标签->lists：参数：catid= ,modelid= ,order=id DESC
SQL:SELECT * FROM `lvyecms_anli` WHERE `catid` = 11 AND `status` = 99 ORDER BY id DESC LIMIT 1  
DEBUG: Content标签->lists：参数：catid= ,modelid= ,order=id DESC
SQL:SELECT * FROM `lvyecms_anli` WHERE `catid` = 11 AND `status` = 99 ORDER BY id DESC LIMIT 1  
DEBUG: Content标签->lists：参数：catid= ,modelid= ,order=id DESC
SQL:SELECT * FROM `lvyecms_anli` WHERE `catid` = 11 AND `status` = 99 ORDER BY id DESC LIMIT 11  
DEBUG: Content标签->lists：参数：catid= ,modelid= ,order=id DESC
SQL:SELECT * FROM `lvyecms_anli` WHERE `catid` = 12 AND `status` = 99 ORDER BY id DESC LIMIT 1  
DEBUG: Content标签->lists：参数：catid= ,modelid= ,order=id DESC
SQL:SELECT * FROM `lvyecms_anli` WHERE `catid` = 12 AND `status` = 99 ORDER BY id DESC LIMIT 1  
DEBUG: Content标签->lists：参数：catid= ,modelid= ,order=id DESC
SQL:SELECT * FROM `lvyecms_anli` WHERE `catid` = 12 AND `status` = 99 ORDER BY id DESC LIMIT 11  

[ 2017-03-30T11:25:14+08:00 ] 127.0.0.1 /
DEBUG: Content标签->lists：参数：catid= ,modelid= ,order=id DESC
SQL:SELECT * FROM `lvyecms_chanpinlist` WHERE `catid` = 3 AND `status` = 99 ORDER BY id DESC LIMIT 10  
DEBUG: Content标签->lists：参数：catid= ,modelid= ,order=listorder DESC
SQL:SELECT * FROM `lvyecms_index_banner` WHERE `catid` = 1 AND `status` = 99 ORDER BY listorder DESC LIMIT 10  
DEBUG: Content标签->lists：参数：catid= ,modelid= ,order=id DESC
SQL:SELECT * FROM `lvyecms_jiejuefangan` WHERE `catid` = 6 AND `status` = 99 ORDER BY id DESC LIMIT 10  
DEBUG: Content标签->lists：参数：catid= ,modelid= ,order=id DESC
SQL:SELECT * FROM `lvyecms_anli` WHERE `catid` = 11 AND `status` = 99 ORDER BY id DESC LIMIT 1  
DEBUG: Content标签->lists：参数：catid= ,modelid= ,order=id DESC
SQL:SELECT * FROM `lvyecms_anli` WHERE `catid` = 11 AND `status` = 99 ORDER BY id DESC LIMIT 1  
DEBUG: Content标签->lists：参数：catid= ,modelid= ,order=id DESC
SQL:SELECT * FROM `lvyecms_anli` WHERE `catid` = 11 AND `status` = 99 ORDER BY id DESC LIMIT 11  
DEBUG: Content标签->lists：参数：catid= ,modelid= ,order=id DESC
SQL:SELECT * FROM `lvyecms_anli` WHERE `catid` = 12 AND `status` = 99 ORDER BY id DESC LIMIT 1  
DEBUG: Content标签->lists：参数：catid= ,modelid= ,order=id DESC
SQL:SELECT * FROM `lvyecms_anli` WHERE `catid` = 12 AND `status` = 99 ORDER BY id DESC LIMIT 1  
DEBUG: Content标签->lists：参数：catid= ,modelid= ,order=id DESC
SQL:SELECT * FROM `lvyecms_anli` WHERE `catid` = 12 AND `status` = 99 ORDER BY id DESC LIMIT 11  

[ 2017-03-30T11:28:06+08:00 ] 127.0.0.1 /
DEBUG: Content标签->lists：参数：catid= ,modelid= ,order=id DESC
SQL:SELECT * FROM `lvyecms_chanpinlist` WHERE `catid` = 3 AND `status` = 99 ORDER BY id DESC LIMIT 10  
DEBUG: Content标签->lists：参数：catid= ,modelid= ,order=listorder DESC
SQL:SELECT * FROM `lvyecms_index_banner` WHERE `catid` = 1 AND `status` = 99 ORDER BY listorder DESC LIMIT 10  
DEBUG: Content标签->lists：参数：catid= ,modelid= ,order=id DESC
SQL:SELECT * FROM `lvyecms_jiejuefangan` WHERE `catid` = 6 AND `status` = 99 ORDER BY id DESC LIMIT 10  
DEBUG: Content标签->lists：参数：catid= ,modelid= ,order=id DESC
SQL:SELECT * FROM `lvyecms_anli` WHERE `catid` = 11 AND `status` = 99 ORDER BY id DESC LIMIT 1  
DEBUG: Content标签->lists：参数：catid= ,modelid= ,order=id DESC
SQL:SELECT * FROM `lvyecms_anli` WHERE `catid` = 11 AND `status` = 99 ORDER BY id DESC LIMIT 1  
DEBUG: Content标签->lists：参数：catid= ,modelid= ,order=id DESC
SQL:SELECT * FROM `lvyecms_anli` WHERE `catid` = 11 AND `status` = 99 ORDER BY id DESC LIMIT 11  
DEBUG: Content标签->lists：参数：catid= ,modelid= ,order=id DESC
SQL:SELECT * FROM `lvyecms_anli` WHERE `catid` = 12 AND `status` = 99 ORDER BY id DESC LIMIT 1  
DEBUG: Content标签->lists：参数：catid= ,modelid= ,order=id DESC
SQL:SELECT * FROM `lvyecms_anli` WHERE `catid` = 12 AND `status` = 99 ORDER BY id DESC LIMIT 1  
DEBUG: Content标签->lists：参数：catid= ,modelid= ,order=id DESC
SQL:SELECT * FROM `lvyecms_anli` WHERE `catid` = 12 AND `status` = 99 ORDER BY id DESC LIMIT 11  

[ 2017-03-30T11:33:08+08:00 ] 127.0.0.1 /?g=Admin
DEBUG: Content标签->lists：参数：catid= ,modelid= ,order=id DESC
SQL:SELECT * FROM `lvyecms_chanpinlist` WHERE `catid` = 3 AND `status` = 99 ORDER BY id DESC LIMIT 10  
DEBUG: Content标签->lists：参数：catid= ,modelid= ,order=listorder DESC
SQL:SELECT * FROM `lvyecms_index_banner` WHERE `catid` = 1 AND `status` = 99 ORDER BY listorder DESC LIMIT 10  
DEBUG: Content标签->lists：参数：catid= ,modelid= ,order=id DESC
SQL:SELECT * FROM `lvyecms_jiejuefangan` WHERE `catid` = 6 AND `status` = 99 ORDER BY id DESC LIMIT 10  
DEBUG: Content标签->lists：参数：catid= ,modelid= ,order=id DESC
SQL:SELECT * FROM `lvyecms_anli` WHERE `catid` = 11 AND `status` = 99 ORDER BY id DESC LIMIT 1  
DEBUG: Content标签->lists：参数：catid= ,modelid= ,order=id DESC
SQL:SELECT * FROM `lvyecms_anli` WHERE `catid` = 11 AND `status` = 99 ORDER BY id DESC LIMIT 1  
DEBUG: Content标签->lists：参数：catid= ,modelid= ,order=id DESC
SQL:SELECT * FROM `lvyecms_anli` WHERE `catid` = 11 AND `status` = 99 ORDER BY id DESC LIMIT 11  
DEBUG: Content标签->lists：参数：catid= ,modelid= ,order=id DESC
SQL:SELECT * FROM `lvyecms_anli` WHERE `catid` = 12 AND `status` = 99 ORDER BY id DESC LIMIT 1  
DEBUG: Content标签->lists：参数：catid= ,modelid= ,order=id DESC
SQL:SELECT * FROM `lvyecms_anli` WHERE `catid` = 12 AND `status` = 99 ORDER BY id DESC LIMIT 1  
DEBUG: Content标签->lists：参数：catid= ,modelid= ,order=id DESC
SQL:SELECT * FROM `lvyecms_anli` WHERE `catid` = 12 AND `status` = 99 ORDER BY id DESC LIMIT 11  

[ 2017-03-30T11:36:33+08:00 ] 127.0.0.1 /
DEBUG: Content标签->lists：参数：catid= ,modelid= ,order=id DESC
SQL:SELECT * FROM `lvyecms_chanpinlist` WHERE `catid` = 3 AND `status` = 99 ORDER BY id DESC LIMIT 10  
DEBUG: Content标签->lists：参数：catid= ,modelid= ,order=listorder DESC
SQL:SELECT * FROM `lvyecms_index_banner` WHERE `catid` = 1 AND `status` = 99 ORDER BY listorder DESC LIMIT 10  
DEBUG: Content标签->lists：参数：catid= ,modelid= ,order=id DESC
SQL:SELECT * FROM `lvyecms_jiejuefangan` WHERE `catid` = 6 AND `status` = 99 ORDER BY id DESC LIMIT 10  
DEBUG: Content标签->lists：参数：catid= ,modelid= ,order=id DESC
SQL:SELECT * FROM `lvyecms_anli` WHERE `catid` = 11 AND `status` = 99 ORDER BY id DESC LIMIT 1  
DEBUG: Content标签->lists：参数：catid= ,modelid= ,order=id DESC
SQL:SELECT * FROM `lvyecms_anli` WHERE `catid` = 11 AND `status` = 99 ORDER BY id DESC LIMIT 1  
DEBUG: Content标签->lists：参数：catid= ,modelid= ,order=id DESC
SQL:SELECT * FROM `lvyecms_anli` WHERE `catid` = 11 AND `status` = 99 ORDER BY id DESC LIMIT 11  
DEBUG: Content标签->lists：参数：catid= ,modelid= ,order=id DESC
SQL:SELECT * FROM `lvyecms_anli` WHERE `catid` = 12 AND `status` = 99 ORDER BY id DESC LIMIT 1  
DEBUG: Content标签->lists：参数：catid= ,modelid= ,order=id DESC
SQL:SELECT * FROM `lvyecms_anli` WHERE `catid` = 12 AND `status` = 99 ORDER BY id DESC LIMIT 1  
DEBUG: Content标签->lists：参数：catid= ,modelid= ,order=id DESC
SQL:SELECT * FROM `lvyecms_anli` WHERE `catid` = 12 AND `status` = 99 ORDER BY id DESC LIMIT 11  

[ 2017-03-30T11:36:46+08:00 ] 127.0.0.1 /
DEBUG: Content标签->lists：参数：catid= ,modelid= ,order=id DESC
SQL:SELECT * FROM `lvyecms_chanpinlist` WHERE `catid` = 3 AND `status` = 99 ORDER BY id DESC LIMIT 10  
DEBUG: Content标签->lists：参数：catid= ,modelid= ,order=listorder DESC
SQL:SELECT * FROM `lvyecms_index_banner` WHERE `catid` = 1 AND `status` = 99 ORDER BY listorder DESC LIMIT 10  
DEBUG: Content标签->lists：参数：catid= ,modelid= ,order=id DESC
SQL:SELECT * FROM `lvyecms_jiejuefangan` WHERE `catid` = 6 AND `status` = 99 ORDER BY id DESC LIMIT 10  
DEBUG: Content标签->lists：参数：catid= ,modelid= ,order=id DESC
SQL:SELECT * FROM `lvyecms_anli` WHERE `catid` = 11 AND `status` = 99 ORDER BY id DESC LIMIT 1  
DEBUG: Content标签->lists：参数：catid= ,modelid= ,order=id DESC
SQL:SELECT * FROM `lvyecms_anli` WHERE `catid` = 11 AND `status` = 99 ORDER BY id DESC LIMIT 1  
DEBUG: Content标签->lists：参数：catid= ,modelid= ,order=id DESC
SQL:SELECT * FROM `lvyecms_anli` WHERE `catid` = 11 AND `status` = 99 ORDER BY id DESC LIMIT 11  
DEBUG: Content标签->lists：参数：catid= ,modelid= ,order=id DESC
SQL:SELECT * FROM `lvyecms_anli` WHERE `catid` = 12 AND `status` = 99 ORDER BY id DESC LIMIT 1  
DEBUG: Content标签->lists：参数：catid= ,modelid= ,order=id DESC
SQL:SELECT * FROM `lvyecms_anli` WHERE `catid` = 12 AND `status` = 99 ORDER BY id DESC LIMIT 1  
DEBUG: Content标签->lists：参数：catid= ,modelid= ,order=id DESC
SQL:SELECT * FROM `lvyecms_anli` WHERE `catid` = 12 AND `status` = 99 ORDER BY id DESC LIMIT 11  

[ 2017-03-30T11:39:23+08:00 ] 127.0.0.1 /
DEBUG: Content标签->lists：参数：catid= ,modelid= ,order=id DESC
SQL:SELECT * FROM `lvyecms_chanpinlist` WHERE `catid` = 3 AND `status` = 99 ORDER BY id DESC LIMIT 10  
DEBUG: Content标签->lists：参数：catid= ,modelid= ,order=listorder DESC
SQL:SELECT * FROM `lvyecms_index_banner` WHERE `catid` = 1 AND `status` = 99 ORDER BY listorder DESC LIMIT 10  
DEBUG: Content标签->lists：参数：catid= ,modelid= ,order=id DESC
SQL:SELECT * FROM `lvyecms_jiejuefangan` WHERE `catid` = 6 AND `status` = 99 ORDER BY id DESC LIMIT 10  
DEBUG: Content标签->lists：参数：catid= ,modelid= ,order=id DESC
SQL:SELECT * FROM `lvyecms_anli` WHERE `catid` = 11 AND `status` = 99 ORDER BY id DESC LIMIT 1  
DEBUG: Content标签->lists：参数：catid= ,modelid= ,order=id DESC
SQL:SELECT * FROM `lvyecms_anli` WHERE `catid` = 11 AND `status` = 99 ORDER BY id DESC LIMIT 1  
DEBUG: Content标签->lists：参数：catid= ,modelid= ,order=id DESC
SQL:SELECT * FROM `lvyecms_anli` WHERE `catid` = 11 AND `status` = 99 ORDER BY id DESC LIMIT 11  
DEBUG: Content标签->lists：参数：catid= ,modelid= ,order=id DESC
SQL:SELECT * FROM `lvyecms_anli` WHERE `catid` = 12 AND `status` = 99 ORDER BY id DESC LIMIT 1  
DEBUG: Content标签->lists：参数：catid= ,modelid= ,order=id DESC
SQL:SELECT * FROM `lvyecms_anli` WHERE `catid` = 12 AND `status` = 99 ORDER BY id DESC LIMIT 1  
DEBUG: Content标签->lists：参数：catid= ,modelid= ,order=id DESC
SQL:SELECT * FROM `lvyecms_anli` WHERE `catid` = 12 AND `status` = 99 ORDER BY id DESC LIMIT 11  

