[ 2017-04-05T10:53:50+08:00 ] 192.168.1.17 /
DEBUG: Content标签->lists：参数：catid= ,modelid= ,order=id DESC
SQL:SELECT * FROM `lvyecms_chanpinlist` WHERE `catid` = 3 AND `status` = 99 ORDER BY id DESC LIMIT 10  
DEBUG: Content标签->lists：参数：catid= ,modelid= ,order=listorder DESC
SQL:SELECT * FROM `lvyecms_index_banner` WHERE `catid` = 1 AND `status` = 99 ORDER BY listorder DESC LIMIT 10  
DEBUG: Content标签->lists：参数：catid= ,modelid= ,order=id DESC
SQL:SELECT * FROM `lvyecms_jiejuefangan` WHERE `catid` = 6 AND `status` = 99 ORDER BY id DESC LIMIT 10  
DEBUG: Content标签->lists：参数：catid= ,modelid= ,order=id DESC
SQL:SELECT * FROM `lvyecms_anli` WHERE `catid` = 11 AND `status` = 99 ORDER BY id DESC LIMIT 1  
DEBUG: Content标签->lists：参数：catid= ,modelid= ,order=id DESC
SQL:SELECT * FROM `lvyecms_anli` WHERE `catid` = 11 AND `status` = 99 ORDER BY id DESC LIMIT 1  
DEBUG: Content标签->lists：参数：catid= ,modelid= ,order=id DESC
SQL:SELECT * FROM `lvyecms_anli` WHERE `catid` = 11 AND `status` = 99 ORDER BY id DESC LIMIT 11  
DEBUG: Content标签->lists：参数：catid= ,modelid= ,order=id DESC
SQL:SELECT * FROM `lvyecms_anli` WHERE `catid` = 12 AND `status` = 99 ORDER BY id DESC LIMIT 1  
DEBUG: Content标签->lists：参数：catid= ,modelid= ,order=id DESC
SQL:SELECT * FROM `lvyecms_anli` WHERE `catid` = 12 AND `status` = 99 ORDER BY id DESC LIMIT 1  
DEBUG: Content标签->lists：参数：catid= ,modelid= ,order=id DESC
SQL:SELECT * FROM `lvyecms_anli` WHERE `catid` = 12 AND `status` = 99 ORDER BY id DESC LIMIT 11  

[ 2017-04-05T11:04:21+08:00 ] 192.168.1.17 /index.php?a=lists&catid=2
DEBUG: Content标签->lists：参数：catid= ,modelid= ,order=id DESC
SQL:SELECT * FROM `lvyecms_chanpinlist` WHERE `catid` = 3 AND `status` = 99 ORDER BY id DESC LIMIT 10  
DEBUG: Content标签->lists：参数：catid= ,modelid= ,order=id DESC
SQL:SELECT * FROM `lvyecms_chanpinlist` WHERE `catid` = 3 AND `status` = 99 ORDER BY id DESC LIMIT 10  
DEBUG: Content标签->lists：参数：catid= ,modelid= ,order=id DESC
SQL:SELECT * FROM `lvyecms_chanpinlist` WHERE `catid` = 3 AND `status` = 99 ORDER BY id DESC LIMIT 10  

[ 2017-04-05T11:06:34+08:00 ] 192.168.1.17 /index.php?g=Admin&m=Main
ERR: 无法加载控制器:Main

[ 2017-04-05T11:06:55+08:00 ] ::1 /
DEBUG: Content标签->lists：参数：catid= ,modelid= ,order=id DESC
SQL:SELECT * FROM `lvyecms_chanpinlist` WHERE `catid` = 3 AND `status` = 99 ORDER BY id DESC LIMIT 10  
DEBUG: Content标签->lists：参数：catid= ,modelid= ,order=listorder DESC
SQL:SELECT * FROM `lvyecms_index_banner` WHERE `catid` = 1 AND `status` = 99 ORDER BY listorder DESC LIMIT 10  
DEBUG: Content标签->lists：参数：catid= ,modelid= ,order=id DESC
SQL:SELECT * FROM `lvyecms_jiejuefangan` WHERE `catid` = 6 AND `status` = 99 ORDER BY id DESC LIMIT 10  
DEBUG: Content标签->lists：参数：catid= ,modelid= ,order=id DESC
SQL:SELECT * FROM `lvyecms_anli` WHERE `catid` = 11 AND `status` = 99 ORDER BY id DESC LIMIT 1  
DEBUG: Content标签->lists：参数：catid= ,modelid= ,order=id DESC
SQL:SELECT * FROM `lvyecms_anli` WHERE `catid` = 11 AND `status` = 99 ORDER BY id DESC LIMIT 1  
DEBUG: Content标签->lists：参数：catid= ,modelid= ,order=id DESC
SQL:SELECT * FROM `lvyecms_anli` WHERE `catid` = 11 AND `status` = 99 ORDER BY id DESC LIMIT 11  
DEBUG: Content标签->lists：参数：catid= ,modelid= ,order=id DESC
SQL:SELECT * FROM `lvyecms_anli` WHERE `catid` = 12 AND `status` = 99 ORDER BY id DESC LIMIT 1  
DEBUG: Content标签->lists：参数：catid= ,modelid= ,order=id DESC
SQL:SELECT * FROM `lvyecms_anli` WHERE `catid` = 12 AND `status` = 99 ORDER BY id DESC LIMIT 1  
DEBUG: Content标签->lists：参数：catid= ,modelid= ,order=id DESC
SQL:SELECT * FROM `lvyecms_anli` WHERE `catid` = 12 AND `status` = 99 ORDER BY id DESC LIMIT 11  

[ 2017-04-05T11:08:15+08:00 ] ::1 /index.php?g=Admin&m=Main
ERR: 无法加载控制器:Main

[ 2017-04-05T11:09:17+08:00 ] ::1 /index.php?g=Admin&m=Main
ERR: 无法加载控制器:Main

[ 2017-04-05T11:09:39+08:00 ] ::1 /index.php?g=Admin&m=Main
ERR: 无法加载控制器:Main

[ 2017-04-05T11:10:36+08:00 ] ::1 /index.php?g=Admin&m=Main
ERR: 无法加载控制器:Main

[ 2017-04-05T11:55:40+08:00 ] ::1 /
DEBUG: Content标签->lists：参数：catid= ,modelid= ,order=id DESC
SQL:SELECT * FROM `lvyecms_chanpinlist` WHERE `catid` = 3 AND `status` = 99 ORDER BY id DESC LIMIT 10  
DEBUG: Content标签->lists：参数：catid= ,modelid= ,order=listorder DESC
SQL:SELECT * FROM `lvyecms_index_banner` WHERE `catid` = 1 AND `status` = 99 ORDER BY listorder DESC LIMIT 10  
DEBUG: Content标签->lists：参数：catid= ,modelid= ,order=id DESC
SQL:SELECT * FROM `lvyecms_jiejuefangan` WHERE `catid` = 6 AND `status` = 99 ORDER BY id DESC LIMIT 10  
DEBUG: Content标签->lists：参数：catid= ,modelid= ,order=id DESC
SQL:SELECT * FROM `lvyecms_anli` WHERE `catid` = 11 AND `status` = 99 ORDER BY id DESC LIMIT 1  
DEBUG: Content标签->lists：参数：catid= ,modelid= ,order=id DESC
SQL:SELECT * FROM `lvyecms_anli` WHERE `catid` = 11 AND `status` = 99 ORDER BY id DESC LIMIT 1  
DEBUG: Content标签->lists：参数：catid= ,modelid= ,order=id DESC
SQL:SELECT * FROM `lvyecms_anli` WHERE `catid` = 11 AND `status` = 99 ORDER BY id DESC LIMIT 11  
DEBUG: Content标签->lists：参数：catid= ,modelid= ,order=id DESC
SQL:SELECT * FROM `lvyecms_anli` WHERE `catid` = 12 AND `status` = 99 ORDER BY id DESC LIMIT 1  
DEBUG: Content标签->lists：参数：catid= ,modelid= ,order=id DESC
SQL:SELECT * FROM `lvyecms_anli` WHERE `catid` = 12 AND `status` = 99 ORDER BY id DESC LIMIT 1  
DEBUG: Content标签->lists：参数：catid= ,modelid= ,order=id DESC
SQL:SELECT * FROM `lvyecms_anli` WHERE `catid` = 12 AND `status` = 99 ORDER BY id DESC LIMIT 11  

[ 2017-04-05T11:57:00+08:00 ] ::1 /
DEBUG: Content标签->lists：参数：catid= ,modelid= ,order=id DESC
SQL:SELECT * FROM `lvyecms_chanpinlist` WHERE `catid` = 3 AND `status` = 99 ORDER BY id DESC LIMIT 10  
DEBUG: Content标签->lists：参数：catid= ,modelid= ,order=listorder DESC
SQL:SELECT * FROM `lvyecms_index_banner` WHERE `catid` = 1 AND `status` = 99 ORDER BY listorder DESC LIMIT 10  
DEBUG: Content标签->lists：参数：catid= ,modelid= ,order=id DESC
SQL:SELECT * FROM `lvyecms_jiejuefangan` WHERE `catid` = 6 AND `status` = 99 ORDER BY id DESC LIMIT 10  
DEBUG: Content标签->lists：参数：catid= ,modelid= ,order=id DESC
SQL:SELECT * FROM `lvyecms_anli` WHERE `catid` = 11 AND `status` = 99 ORDER BY id DESC LIMIT 1  
DEBUG: Content标签->lists：参数：catid= ,modelid= ,order=id DESC
SQL:SELECT * FROM `lvyecms_anli` WHERE `catid` = 11 AND `status` = 99 ORDER BY id DESC LIMIT 1  
DEBUG: Content标签->lists：参数：catid= ,modelid= ,order=id DESC
SQL:SELECT * FROM `lvyecms_anli` WHERE `catid` = 11 AND `status` = 99 ORDER BY id DESC LIMIT 11  
DEBUG: Content标签->lists：参数：catid= ,modelid= ,order=id DESC
SQL:SELECT * FROM `lvyecms_anli` WHERE `catid` = 12 AND `status` = 99 ORDER BY id DESC LIMIT 1  
DEBUG: Content标签->lists：参数：catid= ,modelid= ,order=id DESC
SQL:SELECT * FROM `lvyecms_anli` WHERE `catid` = 12 AND `status` = 99 ORDER BY id DESC LIMIT 1  
DEBUG: Content标签->lists：参数：catid= ,modelid= ,order=id DESC
SQL:SELECT * FROM `lvyecms_anli` WHERE `catid` = 12 AND `status` = 99 ORDER BY id DESC LIMIT 11  

[ 2017-04-05T11:59:06+08:00 ] ::1 /
DEBUG: Content标签->lists：参数：catid= ,modelid= ,order=id DESC
SQL:SELECT * FROM `lvyecms_chanpinlist` WHERE `catid` = 3 AND `status` = 99 ORDER BY id DESC LIMIT 10  
DEBUG: Content标签->lists：参数：catid= ,modelid= ,order=listorder DESC
SQL:SELECT * FROM `lvyecms_index_banner` WHERE `catid` = 1 AND `status` = 99 ORDER BY listorder DESC LIMIT 10  
DEBUG: Content标签->lists：参数：catid= ,modelid= ,order=id DESC
SQL:SELECT * FROM `lvyecms_jiejuefangan` WHERE `catid` = 6 AND `status` = 99 ORDER BY id DESC LIMIT 10  
DEBUG: Content标签->lists：参数：catid= ,modelid= ,order=id DESC
SQL:SELECT * FROM `lvyecms_anli` WHERE `catid` = 11 AND `status` = 99 ORDER BY id DESC LIMIT 1  
DEBUG: Content标签->lists：参数：catid= ,modelid= ,order=id DESC
SQL:SELECT * FROM `lvyecms_anli` WHERE `catid` = 11 AND `status` = 99 ORDER BY id DESC LIMIT 1  
DEBUG: Content标签->lists：参数：catid= ,modelid= ,order=id DESC
SQL:SELECT * FROM `lvyecms_anli` WHERE `catid` = 11 AND `status` = 99 ORDER BY id DESC LIMIT 11  
DEBUG: Content标签->lists：参数：catid= ,modelid= ,order=id DESC
SQL:SELECT * FROM `lvyecms_anli` WHERE `catid` = 12 AND `status` = 99 ORDER BY id DESC LIMIT 1  
DEBUG: Content标签->lists：参数：catid= ,modelid= ,order=id DESC
SQL:SELECT * FROM `lvyecms_anli` WHERE `catid` = 12 AND `status` = 99 ORDER BY id DESC LIMIT 1  
DEBUG: Content标签->lists：参数：catid= ,modelid= ,order=id DESC
SQL:SELECT * FROM `lvyecms_anli` WHERE `catid` = 12 AND `status` = 99 ORDER BY id DESC LIMIT 11  

[ 2017-04-05T12:01:16+08:00 ] ::1 /
DEBUG: Content标签->lists：参数：catid= ,modelid= ,order=id DESC
SQL:SELECT * FROM `lvyecms_chanpinlist` WHERE `catid` = 3 AND `status` = 99 ORDER BY id DESC LIMIT 10  
DEBUG: Content标签->lists：参数：catid= ,modelid= ,order=listorder DESC
SQL:SELECT * FROM `lvyecms_index_banner` WHERE `catid` = 1 AND `status` = 99 ORDER BY listorder DESC LIMIT 10  
DEBUG: Content标签->lists：参数：catid= ,modelid= ,order=id DESC
SQL:SELECT * FROM `lvyecms_jiejuefangan` WHERE `catid` = 6 AND `status` = 99 ORDER BY id DESC LIMIT 10  
DEBUG: Content标签->lists：参数：catid= ,modelid= ,order=id DESC
SQL:SELECT * FROM `lvyecms_anli` WHERE `catid` = 11 AND `status` = 99 ORDER BY id DESC LIMIT 1  
DEBUG: Content标签->lists：参数：catid= ,modelid= ,order=id DESC
SQL:SELECT * FROM `lvyecms_anli` WHERE `catid` = 11 AND `status` = 99 ORDER BY id DESC LIMIT 1  
DEBUG: Content标签->lists：参数：catid= ,modelid= ,order=id DESC
SQL:SELECT * FROM `lvyecms_anli` WHERE `catid` = 11 AND `status` = 99 ORDER BY id DESC LIMIT 11  
DEBUG: Content标签->lists：参数：catid= ,modelid= ,order=id DESC
SQL:SELECT * FROM `lvyecms_anli` WHERE `catid` = 12 AND `status` = 99 ORDER BY id DESC LIMIT 1  
DEBUG: Content标签->lists：参数：catid= ,modelid= ,order=id DESC
SQL:SELECT * FROM `lvyecms_anli` WHERE `catid` = 12 AND `status` = 99 ORDER BY id DESC LIMIT 1  
DEBUG: Content标签->lists：参数：catid= ,modelid= ,order=id DESC
SQL:SELECT * FROM `lvyecms_anli` WHERE `catid` = 12 AND `status` = 99 ORDER BY id DESC LIMIT 11  

[ 2017-04-05T12:05:49+08:00 ] ::1 /index.php?a=lists&catid=19
DEBUG: Content标签->lists：参数：catid= ,modelid= ,order=id DESC
SQL:SELECT * FROM `lvyecms_chanpinlist` WHERE `catid` = 3 AND `status` = 99 ORDER BY id DESC LIMIT 10  

[ 2017-04-05T12:05:56+08:00 ] ::1 /
DEBUG: Content标签->lists：参数：catid= ,modelid= ,order=id DESC
SQL:SELECT * FROM `lvyecms_chanpinlist` WHERE `catid` = 3 AND `status` = 99 ORDER BY id DESC LIMIT 10  
DEBUG: Content标签->lists：参数：catid= ,modelid= ,order=listorder DESC
SQL:SELECT * FROM `lvyecms_index_banner` WHERE `catid` = 1 AND `status` = 99 ORDER BY listorder DESC LIMIT 10  
DEBUG: Content标签->lists：参数：catid= ,modelid= ,order=id DESC
SQL:SELECT * FROM `lvyecms_jiejuefangan` WHERE `catid` = 6 AND `status` = 99 ORDER BY id DESC LIMIT 10  
DEBUG: Content标签->lists：参数：catid= ,modelid= ,order=id DESC
SQL:SELECT * FROM `lvyecms_anli` WHERE `catid` = 11 AND `status` = 99 ORDER BY id DESC LIMIT 1  
DEBUG: Content标签->lists：参数：catid= ,modelid= ,order=id DESC
SQL:SELECT * FROM `lvyecms_anli` WHERE `catid` = 11 AND `status` = 99 ORDER BY id DESC LIMIT 1  
DEBUG: Content标签->lists：参数：catid= ,modelid= ,order=id DESC
SQL:SELECT * FROM `lvyecms_anli` WHERE `catid` = 11 AND `status` = 99 ORDER BY id DESC LIMIT 11  
DEBUG: Content标签->lists：参数：catid= ,modelid= ,order=id DESC
SQL:SELECT * FROM `lvyecms_anli` WHERE `catid` = 12 AND `status` = 99 ORDER BY id DESC LIMIT 1  
DEBUG: Content标签->lists：参数：catid= ,modelid= ,order=id DESC
SQL:SELECT * FROM `lvyecms_anli` WHERE `catid` = 12 AND `status` = 99 ORDER BY id DESC LIMIT 1  
DEBUG: Content标签->lists：参数：catid= ,modelid= ,order=id DESC
SQL:SELECT * FROM `lvyecms_anli` WHERE `catid` = 12 AND `status` = 99 ORDER BY id DESC LIMIT 11  

[ 2017-04-05T12:07:28+08:00 ] ::1 /index.php?a=lists&catid=19
DEBUG: Content标签->lists：参数：catid= ,modelid= ,order=id DESC
SQL:SELECT * FROM `lvyecms_chanpinlist` WHERE `catid` = 3 AND `status` = 99 ORDER BY id DESC LIMIT 10  

