[ 2017-04-01T11:52:29+08:00 ] 127.0.0.1 /
DEBUG: Content标签->lists：参数：catid= ,modelid= ,order=id DESC
SQL:SELECT * FROM `lvyecms_chanpinlist` WHERE `catid` = 3 AND `status` = 99 ORDER BY id DESC LIMIT 10  
DEBUG: Content标签->lists：参数：catid= ,modelid= ,order=listorder DESC
SQL:SELECT * FROM `lvyecms_index_banner` WHERE `catid` = 1 AND `status` = 99 ORDER BY listorder DESC LIMIT 10  
DEBUG: Content标签->lists：参数：catid= ,modelid= ,order=id DESC
SQL:SELECT * FROM `lvyecms_jiejuefangan` WHERE `catid` = 6 AND `status` = 99 ORDER BY id DESC LIMIT 10  
DEBUG: Content标签->lists：参数：catid= ,modelid= ,order=id DESC
SQL:SELECT * FROM `lvyecms_anli` WHERE `catid` = 11 AND `status` = 99 ORDER BY id DESC LIMIT 1  
DEBUG: Content标签->lists：参数：catid= ,modelid= ,order=id DESC
SQL:SELECT * FROM `lvyecms_anli` WHERE `catid` = 11 AND `status` = 99 ORDER BY id DESC LIMIT 1  
DEBUG: Content标签->lists：参数：catid= ,modelid= ,order=id DESC
SQL:SELECT * FROM `lvyecms_anli` WHERE `catid` = 11 AND `status` = 99 ORDER BY id DESC LIMIT 11  
DEBUG: Content标签->lists：参数：catid= ,modelid= ,order=id DESC
SQL:SELECT * FROM `lvyecms_anli` WHERE `catid` = 12 AND `status` = 99 ORDER BY id DESC LIMIT 1  
DEBUG: Content标签->lists：参数：catid= ,modelid= ,order=id DESC
SQL:SELECT * FROM `lvyecms_anli` WHERE `catid` = 12 AND `status` = 99 ORDER BY id DESC LIMIT 1  
DEBUG: Content标签->lists：参数：catid= ,modelid= ,order=id DESC
SQL:SELECT * FROM `lvyecms_anli` WHERE `catid` = 12 AND `status` = 99 ORDER BY id DESC LIMIT 11  

[ 2017-04-01T11:53:05+08:00 ] 127.0.0.1 /index.php?g=Admin&m=Main
ERR: 无法加载控制器:Main

[ 2017-04-01T11:53:26+08:00 ] 127.0.0.1 /
DEBUG: Content标签->lists：参数：catid= ,modelid= ,order=id DESC
SQL:SELECT * FROM `lvyecms_chanpinlist` WHERE `catid` = 3 AND `status` = 99 ORDER BY id DESC LIMIT 10  
DEBUG: Content标签->lists：参数：catid= ,modelid= ,order=listorder DESC
SQL:SELECT * FROM `lvyecms_index_banner` WHERE `catid` = 1 AND `status` = 99 ORDER BY listorder DESC LIMIT 10  
DEBUG: Content标签->lists：参数：catid= ,modelid= ,order=id DESC
SQL:SELECT * FROM `lvyecms_jiejuefangan` WHERE `catid` = 6 AND `status` = 99 ORDER BY id DESC LIMIT 10  
DEBUG: Content标签->lists：参数：catid= ,modelid= ,order=id DESC
SQL:SELECT * FROM `lvyecms_anli` WHERE `catid` = 11 AND `status` = 99 ORDER BY id DESC LIMIT 1  
DEBUG: Content标签->lists：参数：catid= ,modelid= ,order=id DESC
SQL:SELECT * FROM `lvyecms_anli` WHERE `catid` = 11 AND `status` = 99 ORDER BY id DESC LIMIT 1  
DEBUG: Content标签->lists：参数：catid= ,modelid= ,order=id DESC
SQL:SELECT * FROM `lvyecms_anli` WHERE `catid` = 11 AND `status` = 99 ORDER BY id DESC LIMIT 11  
DEBUG: Content标签->lists：参数：catid= ,modelid= ,order=id DESC
SQL:SELECT * FROM `lvyecms_anli` WHERE `catid` = 12 AND `status` = 99 ORDER BY id DESC LIMIT 1  
DEBUG: Content标签->lists：参数：catid= ,modelid= ,order=id DESC
SQL:SELECT * FROM `lvyecms_anli` WHERE `catid` = 12 AND `status` = 99 ORDER BY id DESC LIMIT 1  
DEBUG: Content标签->lists：参数：catid= ,modelid= ,order=id DESC
SQL:SELECT * FROM `lvyecms_anli` WHERE `catid` = 12 AND `status` = 99 ORDER BY id DESC LIMIT 11  

[ 2017-04-01T11:53:45+08:00 ] 127.0.0.1 /
DEBUG: Content标签->lists：参数：catid= ,modelid= ,order=id DESC
SQL:SELECT * FROM `lvyecms_chanpinlist` WHERE `catid` = 3 AND `status` = 99 ORDER BY id DESC LIMIT 10  
DEBUG: Content标签->lists：参数：catid= ,modelid= ,order=listorder DESC
SQL:SELECT * FROM `lvyecms_index_banner` WHERE `catid` = 1 AND `status` = 99 ORDER BY listorder DESC LIMIT 10  
DEBUG: Content标签->lists：参数：catid= ,modelid= ,order=id DESC
SQL:SELECT * FROM `lvyecms_jiejuefangan` WHERE `catid` = 6 AND `status` = 99 ORDER BY id DESC LIMIT 10  
DEBUG: Content标签->lists：参数：catid= ,modelid= ,order=id DESC
SQL:SELECT * FROM `lvyecms_anli` WHERE `catid` = 11 AND `status` = 99 ORDER BY id DESC LIMIT 1  
DEBUG: Content标签->lists：参数：catid= ,modelid= ,order=id DESC
SQL:SELECT * FROM `lvyecms_anli` WHERE `catid` = 11 AND `status` = 99 ORDER BY id DESC LIMIT 1  
DEBUG: Content标签->lists：参数：catid= ,modelid= ,order=id DESC
SQL:SELECT * FROM `lvyecms_anli` WHERE `catid` = 11 AND `status` = 99 ORDER BY id DESC LIMIT 11  
DEBUG: Content标签->lists：参数：catid= ,modelid= ,order=id DESC
SQL:SELECT * FROM `lvyecms_anli` WHERE `catid` = 12 AND `status` = 99 ORDER BY id DESC LIMIT 1  
DEBUG: Content标签->lists：参数：catid= ,modelid= ,order=id DESC
SQL:SELECT * FROM `lvyecms_anli` WHERE `catid` = 12 AND `status` = 99 ORDER BY id DESC LIMIT 1  
DEBUG: Content标签->lists：参数：catid= ,modelid= ,order=id DESC
SQL:SELECT * FROM `lvyecms_anli` WHERE `catid` = 12 AND `status` = 99 ORDER BY id DESC LIMIT 11  

[ 2017-04-01T11:54:28+08:00 ] 127.0.0.1 /index.php?a=lists&catid=6
DEBUG: Content标签->lists：参数：catid= ,modelid= ,order=id DESC
SQL:SELECT * FROM `lvyecms_chanpinlist` WHERE `catid` = 3 AND `status` = 99 ORDER BY id DESC LIMIT 10  
DEBUG: Content标签->lists：参数：catid= ,modelid= ,order=id DESC
SQL:SELECT * FROM `lvyecms_jiejuefangan` WHERE `catid` = 6 AND `status` = 99 ORDER BY id DESC LIMIT 10  

[ 2017-04-01T11:54:29+08:00 ] 127.0.0.1 /index.php?a=lists&catid=10
DEBUG: Content标签->lists：参数：catid= ,modelid= ,order=id DESC
SQL:SELECT * FROM `lvyecms_chanpinlist` WHERE `catid` = 3 AND `status` = 99 ORDER BY id DESC LIMIT 10  

[ 2017-04-01T11:54:33+08:00 ] 127.0.0.1 /index.php?a=lists&catid=11
DEBUG: Content标签->lists：参数：catid= ,modelid= ,order=id DESC
SQL:SELECT * FROM `lvyecms_chanpinlist` WHERE `catid` = 3 AND `status` = 99 ORDER BY id DESC LIMIT 10  
DEBUG: Content标签->lists：参数：catid= ,modelid= ,order=id DESC
SQL:SELECT * FROM `lvyecms_anli` WHERE `catid` = 11 AND `status` = 99 ORDER BY id DESC LIMIT 0,8  

[ 2017-04-01T11:54:51+08:00 ] 127.0.0.1 /
DEBUG: Content标签->lists：参数：catid= ,modelid= ,order=id DESC
SQL:SELECT * FROM `lvyecms_chanpinlist` WHERE `catid` = 3 AND `status` = 99 ORDER BY id DESC LIMIT 10  
DEBUG: Content标签->lists：参数：catid= ,modelid= ,order=listorder DESC
SQL:SELECT * FROM `lvyecms_index_banner` WHERE `catid` = 1 AND `status` = 99 ORDER BY listorder DESC LIMIT 10  
DEBUG: Content标签->lists：参数：catid= ,modelid= ,order=id DESC
SQL:SELECT * FROM `lvyecms_jiejuefangan` WHERE `catid` = 6 AND `status` = 99 ORDER BY id DESC LIMIT 10  
DEBUG: Content标签->lists：参数：catid= ,modelid= ,order=id DESC
SQL:SELECT * FROM `lvyecms_anli` WHERE `catid` = 11 AND `status` = 99 ORDER BY id DESC LIMIT 1  
DEBUG: Content标签->lists：参数：catid= ,modelid= ,order=id DESC
SQL:SELECT * FROM `lvyecms_anli` WHERE `catid` = 11 AND `status` = 99 ORDER BY id DESC LIMIT 1  
DEBUG: Content标签->lists：参数：catid= ,modelid= ,order=id DESC
SQL:SELECT * FROM `lvyecms_anli` WHERE `catid` = 11 AND `status` = 99 ORDER BY id DESC LIMIT 11  
DEBUG: Content标签->lists：参数：catid= ,modelid= ,order=id DESC
SQL:SELECT * FROM `lvyecms_anli` WHERE `catid` = 12 AND `status` = 99 ORDER BY id DESC LIMIT 1  
DEBUG: Content标签->lists：参数：catid= ,modelid= ,order=id DESC
SQL:SELECT * FROM `lvyecms_anli` WHERE `catid` = 12 AND `status` = 99 ORDER BY id DESC LIMIT 1  
DEBUG: Content标签->lists：参数：catid= ,modelid= ,order=id DESC
SQL:SELECT * FROM `lvyecms_anli` WHERE `catid` = 12 AND `status` = 99 ORDER BY id DESC LIMIT 11  

